{"/Users/diegosalazar/Desktop/galactus-calculator/src/galactus.js": {"path":"/Users/diegosalazar/Desktop/galactus-calculator/src/galactus.js","statementMap":{"0":{"start":{"line":3,"column":4},"end":{"line":3,"column":22}},"1":{"start":{"line":4,"column":4},"end":{"line":4,"column":19}},"2":{"start":{"line":8,"column":19},"end":{"line":8,"column":27}},"3":{"start":{"line":9,"column":4},"end":{"line":9,"column":20}},"4":{"start":{"line":12,"column":19},"end":{"line":12,"column":27}},"5":{"start":{"line":13,"column":4},"end":{"line":13,"column":47}},"6":{"start":{"line":16,"column":20},"end":{"line":16,"column":28}},"7":{"start":{"line":17,"column":27},"end":{"line":17,"column":48}},"8":{"start":{"line":18,"column":4},"end":{"line":22,"column":5}},"9":{"start":{"line":19,"column":6},"end":{"line":19,"column":57}},"10":{"start":{"line":21,"column":6},"end":{"line":21,"column":30}},"11":{"start":{"line":25,"column":21},"end":{"line":25,"column":47}},"12":{"start":{"line":26,"column":4},"end":{"line":26,"column":22}},"13":{"start":{"line":29,"column":21},"end":{"line":29,"column":47}},"14":{"start":{"line":30,"column":28},"end":{"line":30,"column":57}},"15":{"start":{"line":31,"column":4},"end":{"line":31,"column":54}},"16":{"start":{"line":34,"column":24},"end":{"line":34,"column":50}},"17":{"start":{"line":35,"column":29},"end":{"line":35,"column":54}},"18":{"start":{"line":36,"column":25},"end":{"line":36,"column":55}},"19":{"start":{"line":37,"column":4},"end":{"line":41,"column":5}},"20":{"start":{"line":38,"column":6},"end":{"line":38,"column":61}},"21":{"start":{"line":40,"column":6},"end":{"line":40,"column":32}},"22":{"start":{"line":44,"column":19},"end":{"line":44,"column":45}},"23":{"start":{"line":45,"column":4},"end":{"line":45,"column":20}},"24":{"start":{"line":48,"column":19},"end":{"line":48,"column":45}},"25":{"start":{"line":49,"column":26},"end":{"line":49,"column":56}},"26":{"start":{"line":50,"column":4},"end":{"line":50,"column":50}},"27":{"start":{"line":53,"column":22},"end":{"line":53,"column":48}},"28":{"start":{"line":54,"column":27},"end":{"line":54,"column":50}},"29":{"start":{"line":55,"column":23},"end":{"line":55,"column":53}},"30":{"start":{"line":56,"column":4},"end":{"line":60,"column":5}},"31":{"start":{"line":57,"column":6},"end":{"line":57,"column":57}},"32":{"start":{"line":59,"column":6},"end":{"line":59,"column":30}},"33":{"start":{"line":63,"column":18},"end":{"line":63,"column":45}},"34":{"start":{"line":64,"column":4},"end":{"line":64,"column":19}},"35":{"start":{"line":67,"column":18},"end":{"line":67,"column":45}},"36":{"start":{"line":68,"column":25},"end":{"line":68,"column":56}},"37":{"start":{"line":69,"column":4},"end":{"line":69,"column":48}},"38":{"start":{"line":72,"column":21},"end":{"line":72,"column":48}},"39":{"start":{"line":73,"column":26},"end":{"line":73,"column":48}},"40":{"start":{"line":74,"column":22},"end":{"line":74,"column":53}},"41":{"start":{"line":75,"column":4},"end":{"line":79,"column":5}},"42":{"start":{"line":76,"column":6},"end":{"line":76,"column":55}},"43":{"start":{"line":78,"column":6},"end":{"line":78,"column":29}},"44":{"start":{"line":82,"column":21},"end":{"line":82,"column":49}},"45":{"start":{"line":83,"column":4},"end":{"line":83,"column":22}},"46":{"start":{"line":86,"column":21},"end":{"line":86,"column":49}},"47":{"start":{"line":87,"column":28},"end":{"line":87,"column":60}},"48":{"start":{"line":88,"column":4},"end":{"line":88,"column":54}},"49":{"start":{"line":91,"column":24},"end":{"line":91,"column":52}},"50":{"start":{"line":92,"column":29},"end":{"line":92,"column":54}},"51":{"start":{"line":93,"column":25},"end":{"line":93,"column":57}},"52":{"start":{"line":94,"column":4},"end":{"line":98,"column":5}},"53":{"start":{"line":95,"column":6},"end":{"line":95,"column":61}},"54":{"start":{"line":97,"column":6},"end":{"line":97,"column":32}}},"fnMap":{"0":{"name":"(anonymous_0)","decl":{"start":{"line":2,"column":2},"end":{"line":2,"column":3}},"loc":{"start":{"line":2,"column":19},"end":{"line":5,"column":3}},"line":2},"1":{"name":"(anonymous_1)","decl":{"start":{"line":7,"column":2},"end":{"line":7,"column":3}},"loc":{"start":{"line":7,"column":13},"end":{"line":10,"column":3}},"line":7},"2":{"name":"(anonymous_2)","decl":{"start":{"line":11,"column":2},"end":{"line":11,"column":3}},"loc":{"start":{"line":11,"column":14},"end":{"line":14,"column":3}},"line":11},"3":{"name":"(anonymous_3)","decl":{"start":{"line":15,"column":2},"end":{"line":15,"column":3}},"loc":{"start":{"line":15,"column":16},"end":{"line":23,"column":3}},"line":15},"4":{"name":"(anonymous_4)","decl":{"start":{"line":24,"column":2},"end":{"line":24,"column":3}},"loc":{"start":{"line":24,"column":15},"end":{"line":27,"column":3}},"line":24},"5":{"name":"(anonymous_5)","decl":{"start":{"line":28,"column":2},"end":{"line":28,"column":3}},"loc":{"start":{"line":28,"column":16},"end":{"line":32,"column":3}},"line":28},"6":{"name":"(anonymous_6)","decl":{"start":{"line":33,"column":2},"end":{"line":33,"column":3}},"loc":{"start":{"line":33,"column":18},"end":{"line":42,"column":3}},"line":33},"7":{"name":"(anonymous_7)","decl":{"start":{"line":43,"column":2},"end":{"line":43,"column":3}},"loc":{"start":{"line":43,"column":13},"end":{"line":46,"column":3}},"line":43},"8":{"name":"(anonymous_8)","decl":{"start":{"line":47,"column":2},"end":{"line":47,"column":3}},"loc":{"start":{"line":47,"column":14},"end":{"line":51,"column":3}},"line":47},"9":{"name":"(anonymous_9)","decl":{"start":{"line":52,"column":2},"end":{"line":52,"column":3}},"loc":{"start":{"line":52,"column":16},"end":{"line":61,"column":3}},"line":52},"10":{"name":"(anonymous_10)","decl":{"start":{"line":62,"column":2},"end":{"line":62,"column":3}},"loc":{"start":{"line":62,"column":12},"end":{"line":65,"column":3}},"line":62},"11":{"name":"(anonymous_11)","decl":{"start":{"line":66,"column":2},"end":{"line":66,"column":3}},"loc":{"start":{"line":66,"column":13},"end":{"line":70,"column":3}},"line":66},"12":{"name":"(anonymous_12)","decl":{"start":{"line":71,"column":2},"end":{"line":71,"column":3}},"loc":{"start":{"line":71,"column":15},"end":{"line":80,"column":3}},"line":71},"13":{"name":"(anonymous_13)","decl":{"start":{"line":81,"column":2},"end":{"line":81,"column":3}},"loc":{"start":{"line":81,"column":15},"end":{"line":84,"column":3}},"line":81},"14":{"name":"(anonymous_14)","decl":{"start":{"line":85,"column":2},"end":{"line":85,"column":3}},"loc":{"start":{"line":85,"column":16},"end":{"line":89,"column":3}},"line":85},"15":{"name":"(anonymous_15)","decl":{"start":{"line":90,"column":2},"end":{"line":90,"column":3}},"loc":{"start":{"line":90,"column":18},"end":{"line":99,"column":3}},"line":90}},"branchMap":{"0":{"loc":{"start":{"line":18,"column":4},"end":{"line":22,"column":5}},"type":"if","locations":[{"start":{"line":18,"column":4},"end":{"line":22,"column":5}},{"start":{"line":18,"column":4},"end":{"line":22,"column":5}}],"line":18},"1":{"loc":{"start":{"line":37,"column":4},"end":{"line":41,"column":5}},"type":"if","locations":[{"start":{"line":37,"column":4},"end":{"line":41,"column":5}},{"start":{"line":37,"column":4},"end":{"line":41,"column":5}}],"line":37},"2":{"loc":{"start":{"line":56,"column":4},"end":{"line":60,"column":5}},"type":"if","locations":[{"start":{"line":56,"column":4},"end":{"line":60,"column":5}},{"start":{"line":56,"column":4},"end":{"line":60,"column":5}}],"line":56},"3":{"loc":{"start":{"line":75,"column":4},"end":{"line":79,"column":5}},"type":"if","locations":[{"start":{"line":75,"column":4},"end":{"line":79,"column":5}},{"start":{"line":75,"column":4},"end":{"line":79,"column":5}}],"line":75},"4":{"loc":{"start":{"line":94,"column":4},"end":{"line":98,"column":5}},"type":"if","locations":[{"start":{"line":94,"column":4},"end":{"line":98,"column":5}},{"start":{"line":94,"column":4},"end":{"line":98,"column":5}}],"line":94}},"s":{"0":21,"1":21,"2":1,"3":1,"4":1,"5":1,"6":2,"7":2,"8":2,"9":1,"10":1,"11":1,"12":1,"13":1,"14":1,"15":1,"16":2,"17":2,"18":2,"19":2,"20":1,"21":1,"22":1,"23":1,"24":1,"25":1,"26":1,"27":2,"28":2,"29":2,"30":2,"31":1,"32":1,"33":1,"34":1,"35":1,"36":1,"37":1,"38":2,"39":2,"40":2,"41":2,"42":1,"43":1,"44":1,"45":1,"46":1,"47":1,"48":1,"49":2,"50":2,"51":2,"52":2,"53":1,"54":1},"f":{"0":21,"1":1,"2":1,"3":2,"4":1,"5":1,"6":2,"7":1,"8":1,"9":2,"10":1,"11":1,"12":2,"13":1,"14":1,"15":2},"b":{"0":[1,1],"1":[1,1],"2":[1,1],"3":[1,1],"4":[1,1]},"_coverageSchema":"43e27e138ebf9cfc5966b082cf9a028302ed4184","hash":"c6f742c0e99a63a7702c9c2faa4022f247865eef"}
}
