{"/Users/diegosalazar/Desktop/galactus-calculator/src/galactus.js": {"path":"/Users/diegosalazar/Desktop/galactus-calculator/src/galactus.js","statementMap":{"0":{"start":{"line":3,"column":4},"end":{"line":3,"column":22}},"1":{"start":{"line":4,"column":4},"end":{"line":4,"column":19}},"2":{"start":{"line":8,"column":19},"end":{"line":8,"column":27}},"3":{"start":{"line":9,"column":4},"end":{"line":9,"column":20}},"4":{"start":{"line":12,"column":19},"end":{"line":12,"column":27}},"5":{"start":{"line":13,"column":4},"end":{"line":13,"column":47}},"6":{"start":{"line":16,"column":20},"end":{"line":16,"column":28}},"7":{"start":{"line":17,"column":27},"end":{"line":17,"column":48}},"8":{"start":{"line":18,"column":19},"end":{"line":18,"column":69}},"9":{"start":{"line":19,"column":4},"end":{"line":23,"column":5}},"10":{"start":{"line":20,"column":6},"end":{"line":20,"column":57}},"11":{"start":{"line":22,"column":6},"end":{"line":22,"column":20}},"12":{"start":{"line":26,"column":23},"end":{"line":26,"column":49}},"13":{"start":{"line":27,"column":6},"end":{"line":27,"column":24}},"14":{"start":{"line":30,"column":23},"end":{"line":30,"column":49}},"15":{"start":{"line":31,"column":30},"end":{"line":31,"column":59}},"16":{"start":{"line":32,"column":6},"end":{"line":32,"column":56}},"17":{"start":{"line":35,"column":26},"end":{"line":35,"column":52}},"18":{"start":{"line":36,"column":31},"end":{"line":36,"column":56}},"19":{"start":{"line":37,"column":27},"end":{"line":37,"column":57}},"20":{"start":{"line":38,"column":6},"end":{"line":42,"column":7}},"21":{"start":{"line":39,"column":8},"end":{"line":39,"column":63}},"22":{"start":{"line":41,"column":8},"end":{"line":41,"column":34}},"23":{"start":{"line":45,"column":23},"end":{"line":45,"column":49}},"24":{"start":{"line":46,"column":8},"end":{"line":46,"column":24}},"25":{"start":{"line":49,"column":23},"end":{"line":49,"column":49}},"26":{"start":{"line":50,"column":30},"end":{"line":50,"column":60}},"27":{"start":{"line":51,"column":8},"end":{"line":51,"column":54}},"28":{"start":{"line":54,"column":26},"end":{"line":54,"column":52}},"29":{"start":{"line":55,"column":31},"end":{"line":55,"column":54}},"30":{"start":{"line":56,"column":27},"end":{"line":56,"column":57}},"31":{"start":{"line":57,"column":8},"end":{"line":61,"column":9}},"32":{"start":{"line":58,"column":10},"end":{"line":58,"column":61}},"33":{"start":{"line":60,"column":10},"end":{"line":60,"column":34}},"34":{"start":{"line":64,"column":24},"end":{"line":64,"column":51}},"35":{"start":{"line":65,"column":10},"end":{"line":65,"column":25}},"36":{"start":{"line":68,"column":24},"end":{"line":68,"column":51}},"37":{"start":{"line":69,"column":31},"end":{"line":69,"column":62}},"38":{"start":{"line":70,"column":10},"end":{"line":70,"column":54}},"39":{"start":{"line":73,"column":27},"end":{"line":73,"column":54}},"40":{"start":{"line":74,"column":32},"end":{"line":74,"column":54}},"41":{"start":{"line":75,"column":28},"end":{"line":75,"column":59}},"42":{"start":{"line":76,"column":10},"end":{"line":80,"column":11}},"43":{"start":{"line":77,"column":12},"end":{"line":77,"column":61}},"44":{"start":{"line":79,"column":12},"end":{"line":79,"column":35}},"45":{"start":{"line":83,"column":29},"end":{"line":83,"column":57}},"46":{"start":{"line":84,"column":12},"end":{"line":84,"column":30}},"47":{"start":{"line":87,"column":29},"end":{"line":87,"column":57}},"48":{"start":{"line":88,"column":36},"end":{"line":88,"column":68}},"49":{"start":{"line":89,"column":12},"end":{"line":89,"column":62}},"50":{"start":{"line":92,"column":32},"end":{"line":92,"column":60}},"51":{"start":{"line":93,"column":37},"end":{"line":93,"column":62}},"52":{"start":{"line":94,"column":33},"end":{"line":94,"column":65}},"53":{"start":{"line":95,"column":12},"end":{"line":99,"column":13}},"54":{"start":{"line":96,"column":14},"end":{"line":96,"column":69}},"55":{"start":{"line":98,"column":14},"end":{"line":98,"column":40}}},"fnMap":{"0":{"name":"(anonymous_0)","decl":{"start":{"line":2,"column":2},"end":{"line":2,"column":3}},"loc":{"start":{"line":2,"column":19},"end":{"line":5,"column":3}},"line":2},"1":{"name":"(anonymous_1)","decl":{"start":{"line":7,"column":2},"end":{"line":7,"column":3}},"loc":{"start":{"line":7,"column":13},"end":{"line":10,"column":3}},"line":7},"2":{"name":"(anonymous_2)","decl":{"start":{"line":11,"column":2},"end":{"line":11,"column":3}},"loc":{"start":{"line":11,"column":14},"end":{"line":14,"column":3}},"line":11},"3":{"name":"(anonymous_3)","decl":{"start":{"line":15,"column":2},"end":{"line":15,"column":3}},"loc":{"start":{"line":15,"column":16},"end":{"line":24,"column":3}},"line":15},"4":{"name":"(anonymous_4)","decl":{"start":{"line":25,"column":4},"end":{"line":25,"column":5}},"loc":{"start":{"line":25,"column":17},"end":{"line":28,"column":5}},"line":25},"5":{"name":"(anonymous_5)","decl":{"start":{"line":29,"column":4},"end":{"line":29,"column":5}},"loc":{"start":{"line":29,"column":18},"end":{"line":33,"column":5}},"line":29},"6":{"name":"(anonymous_6)","decl":{"start":{"line":34,"column":4},"end":{"line":34,"column":5}},"loc":{"start":{"line":34,"column":20},"end":{"line":43,"column":5}},"line":34},"7":{"name":"(anonymous_7)","decl":{"start":{"line":44,"column":6},"end":{"line":44,"column":7}},"loc":{"start":{"line":44,"column":17},"end":{"line":47,"column":7}},"line":44},"8":{"name":"(anonymous_8)","decl":{"start":{"line":48,"column":6},"end":{"line":48,"column":7}},"loc":{"start":{"line":48,"column":18},"end":{"line":52,"column":7}},"line":48},"9":{"name":"(anonymous_9)","decl":{"start":{"line":53,"column":6},"end":{"line":53,"column":7}},"loc":{"start":{"line":53,"column":20},"end":{"line":62,"column":7}},"line":53},"10":{"name":"(anonymous_10)","decl":{"start":{"line":63,"column":8},"end":{"line":63,"column":9}},"loc":{"start":{"line":63,"column":18},"end":{"line":66,"column":9}},"line":63},"11":{"name":"(anonymous_11)","decl":{"start":{"line":67,"column":8},"end":{"line":67,"column":9}},"loc":{"start":{"line":67,"column":19},"end":{"line":71,"column":9}},"line":67},"12":{"name":"(anonymous_12)","decl":{"start":{"line":72,"column":8},"end":{"line":72,"column":9}},"loc":{"start":{"line":72,"column":21},"end":{"line":81,"column":9}},"line":72},"13":{"name":"(anonymous_13)","decl":{"start":{"line":82,"column":10},"end":{"line":82,"column":11}},"loc":{"start":{"line":82,"column":23},"end":{"line":85,"column":11}},"line":82},"14":{"name":"(anonymous_14)","decl":{"start":{"line":86,"column":10},"end":{"line":86,"column":11}},"loc":{"start":{"line":86,"column":24},"end":{"line":90,"column":11}},"line":86},"15":{"name":"(anonymous_15)","decl":{"start":{"line":91,"column":10},"end":{"line":91,"column":11}},"loc":{"start":{"line":91,"column":26},"end":{"line":100,"column":11}},"line":91}},"branchMap":{"0":{"loc":{"start":{"line":19,"column":4},"end":{"line":23,"column":5}},"type":"if","locations":[{"start":{"line":19,"column":4},"end":{"line":23,"column":5}},{"start":{"line":19,"column":4},"end":{"line":23,"column":5}}],"line":19},"1":{"loc":{"start":{"line":38,"column":6},"end":{"line":42,"column":7}},"type":"if","locations":[{"start":{"line":38,"column":6},"end":{"line":42,"column":7}},{"start":{"line":38,"column":6},"end":{"line":42,"column":7}}],"line":38},"2":{"loc":{"start":{"line":57,"column":8},"end":{"line":61,"column":9}},"type":"if","locations":[{"start":{"line":57,"column":8},"end":{"line":61,"column":9}},{"start":{"line":57,"column":8},"end":{"line":61,"column":9}}],"line":57},"3":{"loc":{"start":{"line":76,"column":10},"end":{"line":80,"column":11}},"type":"if","locations":[{"start":{"line":76,"column":10},"end":{"line":80,"column":11}},{"start":{"line":76,"column":10},"end":{"line":80,"column":11}}],"line":76},"4":{"loc":{"start":{"line":95,"column":12},"end":{"line":99,"column":13}},"type":"if","locations":[{"start":{"line":95,"column":12},"end":{"line":99,"column":13}},{"start":{"line":95,"column":12},"end":{"line":99,"column":13}}],"line":95}},"s":{"0":17,"1":17,"2":1,"3":1,"4":1,"5":1,"6":1,"7":1,"8":1,"9":1,"10":1,"11":0,"12":1,"13":1,"14":1,"15":1,"16":1,"17":1,"18":1,"19":1,"20":1,"21":1,"22":0,"23":1,"24":1,"25":1,"26":1,"27":1,"28":1,"29":1,"30":1,"31":1,"32":1,"33":0,"34":1,"35":1,"36":1,"37":1,"38":1,"39":1,"40":1,"41":1,"42":1,"43":1,"44":0,"45":1,"46":1,"47":1,"48":1,"49":1,"50":1,"51":1,"52":1,"53":1,"54":0,"55":1},"f":{"0":17,"1":1,"2":1,"3":1,"4":1,"5":1,"6":1,"7":1,"8":1,"9":1,"10":1,"11":1,"12":1,"13":1,"14":1,"15":1},"b":{"0":[1,0],"1":[1,0],"2":[1,0],"3":[1,0],"4":[0,1]},"_coverageSchema":"43e27e138ebf9cfc5966b082cf9a028302ed4184","hash":"80c0b1a75148d3d4630271dbbed0ebbe5c03726c"}
}
